<?xml version="1.0" encoding="UTF-8"?>
<testsuite xmlns:xsi="http://www.w3.org/2001/XMLSchema-instance" xsi:noNamespaceSchemaLocation="https://maven.apache.org/surefire/maven-surefire-plugin/xsd/surefire-test-report.xsd" name="com.ABCCOMPANY.AppTest" time="0.101" tests="1" errors="0" skipped="0" failures="0">
  <properties>
    <property name="java.specification.version" value="18"/>
    <property name="sun.cpu.isalist" value="amd64"/>
    <property name="sun.jnu.encoding" value="Cp1252"/>
    <property name="java.class.path" value="C:\Users\Lenovo\Downloads\webappabc\target\test-classes;C:\Users\Lenovo\Downloads\webappabc\target\classes;C:\Users\Lenovo\.m2\repository\junit\junit\4.11\junit-4.11.jar;C:\Users\Lenovo\.m2\repository\org\hamcrest\hamcrest-core\1.3\hamcrest-core-1.3.jar;C:\Users\Lenovo\.m2\repository\org\testcontainers\jdbc\1.17.1\jdbc-1.17.1.jar;C:\Users\Lenovo\.m2\repository\org\testcontainers\database-commons\1.17.1\database-commons-1.17.1.jar;C:\Users\Lenovo\.m2\repository\org\testcontainers\testcontainers\1.17.1\testcontainers-1.17.1.jar;C:\Users\Lenovo\.m2\repository\org\slf4j\slf4j-api\1.7.35\slf4j-api-1.7.35.jar;C:\Users\Lenovo\.m2\repository\org\apache\commons\commons-compress\1.21\commons-compress-1.21.jar;C:\Users\Lenovo\.m2\repository\org\rnorth\duct-tape\duct-tape\1.0.8\duct-tape-1.0.8.jar;C:\Users\Lenovo\.m2\repository\org\jetbrains\annotations\17.0.0\annotations-17.0.0.jar;C:\Users\Lenovo\.m2\repository\com\github\docker-java\docker-java-api\3.2.13\docker-java-api-3.2.13.jar;C:\Users\Lenovo\.m2\repository\com\fasterxml\jackson\core\jackson-annotations\2.10.3\jackson-annotations-2.10.3.jar;C:\Users\Lenovo\.m2\repository\com\github\docker-java\docker-java-transport-zerodep\3.2.13\docker-java-transport-zerodep-3.2.13.jar;C:\Users\Lenovo\.m2\repository\com\github\docker-java\docker-java-transport\3.2.13\docker-java-transport-3.2.13.jar;C:\Users\Lenovo\.m2\repository\net\java\dev\jna\jna\5.8.0\jna-5.8.0.jar;"/>
    <property name="java.vm.vendor" value="Oracle Corporation"/>
    <property name="sun.arch.data.model" value="64"/>
    <property name="user.variant" value=""/>
    <property name="java.vendor.url" value="https://java.oracle.com/"/>
    <property name="user.timezone" value="Asia/Calcutta"/>
    <property name="os.name" value="Windows 10"/>
    <property name="java.vm.specification.version" value="18"/>
    <property name="sun.java.launcher" value="SUN_STANDARD"/>
    <property name="user.country" value="IN"/>
    <property name="sun.boot.library.path" value="C:\Program Files\Java\jdk-18.0.1\bin"/>
    <property name="sun.java.command" value="C:\Users\Lenovo\AppData\Local\Temp\surefire8509640392197819331\surefirebooter14232615199713463602.jar C:\Users\Lenovo\AppData\Local\Temp\surefire8509640392197819331 2022-04-22T19-23-08_175-jvmRun1 surefire4744164281788482885tmp surefire_06547463130234332535tmp"/>
    <property name="jdk.debug" value="release"/>
    <property name="surefire.test.class.path" value="C:\Users\Lenovo\Downloads\webappabc\target\test-classes;C:\Users\Lenovo\Downloads\webappabc\target\classes;C:\Users\Lenovo\.m2\repository\junit\junit\4.11\junit-4.11.jar;C:\Users\Lenovo\.m2\repository\org\hamcrest\hamcrest-core\1.3\hamcrest-core-1.3.jar;C:\Users\Lenovo\.m2\repository\org\testcontainers\jdbc\1.17.1\jdbc-1.17.1.jar;C:\Users\Lenovo\.m2\repository\org\testcontainers\database-commons\1.17.1\database-commons-1.17.1.jar;C:\Users\Lenovo\.m2\repository\org\testcontainers\testcontainers\1.17.1\testcontainers-1.17.1.jar;C:\Users\Lenovo\.m2\repository\org\slf4j\slf4j-api\1.7.35\slf4j-api-1.7.35.jar;C:\Users\Lenovo\.m2\repository\org\apache\commons\commons-compress\1.21\commons-compress-1.21.jar;C:\Users\Lenovo\.m2\repository\org\rnorth\duct-tape\duct-tape\1.0.8\duct-tape-1.0.8.jar;C:\Users\Lenovo\.m2\repository\org\jetbrains\annotations\17.0.0\annotations-17.0.0.jar;C:\Users\Lenovo\.m2\repository\com\github\docker-java\docker-java-api\3.2.13\docker-java-api-3.2.13.jar;C:\Users\Lenovo\.m2\repository\com\fasterxml\jackson\core\jackson-annotations\2.10.3\jackson-annotations-2.10.3.jar;C:\Users\Lenovo\.m2\repository\com\github\docker-java\docker-java-transport-zerodep\3.2.13\docker-java-transport-zerodep-3.2.13.jar;C:\Users\Lenovo\.m2\repository\com\github\docker-java\docker-java-transport\3.2.13\docker-java-transport-3.2.13.jar;C:\Users\Lenovo\.m2\repository\net\java\dev\jna\jna\5.8.0\jna-5.8.0.jar;"/>
    <property name="sun.cpu.endian" value="little"/>
    <property name="user.home" value="C:\Users\Lenovo"/>
    <property name="user.language" value="en"/>
    <property name="java.specification.vendor" value="Oracle Corporation"/>
    <property name="java.version.date" value="2022-04-19"/>
    <property name="java.home" value="C:\Program Files\Java\jdk-18.0.1"/>
    <property name="file.separator" value="\"/>
    <property name="basedir" value="C:\Users\Lenovo\Downloads\webappabc"/>
    <property name="java.vm.compressedOopsMode" value="32-bit"/>
    <property name="line.separator" value="&#10;"/>
    <property name="java.vm.specification.vendor" value="Oracle Corporation"/>
    <property name="java.specification.name" value="Java Platform API Specification"/>
    <property name="surefire.real.class.path" value="C:\Users\Lenovo\AppData\Local\Temp\surefire8509640392197819331\surefirebooter14232615199713463602.jar"/>
    <property name="user.script" value=""/>
    <property name="sun.management.compiler" value="HotSpot 64-Bit Tiered Compilers"/>
    <property name="java.runtime.version" value="18.0.1+10-24"/>
    <property name="user.name" value="Lenovo"/>
    <property name="path.separator" value=";"/>
    <property name="os.version" value="10.0"/>
    <property name="java.runtime.name" value="Java(TM) SE Runtime Environment"/>
    <property name="file.encoding" value="UTF-8"/>
    <property name="java.vm.name" value="Java HotSpot(TM) 64-Bit Server VM"/>
    <property name="localRepository" value="C:\Users\Lenovo\.m2\repository"/>
    <property name="java.vendor.url.bug" value="https://bugreport.java.com/bugreport/"/>
    <property name="java.io.tmpdir" value="C:\Users\Lenovo\AppData\Local\Temp\"/>
    <property name="java.version" value="18.0.1"/>
    <property name="user.dir" value="C:\Users\Lenovo\Downloads\webappabc"/>
    <property name="os.arch" value="amd64"/>
    <property name="java.vm.specification.name" value="Java Virtual Machine Specification"/>
    <property name="sun.os.patch.level" value=""/>
    <property name="native.encoding" value="Cp1252"/>
    <property name="java.library.path" value="C:\Program Files\Java\jdk-18.0.1\bin;C:\Windows\Sun\Java\bin;C:\Windows\system32;C:\Windows;C:\Users\Lenovo\bin;C:\Program Files\Git\mingw64\bin;C:\Program Files\Git\usr\local\bin;C:\Program Files\Git\usr\bin;C:\Program Files\Git\usr\bin;C:\Program Files\Git\mingw64\bin;C:\Program Files\Git\usr\bin;C:\Users\Lenovo\bin;C:\Program Files\Common Files\Oracle\Java\javapath;C:\Windows\system32;C:\Windows;C:\Windows\System32\Wbem;C:\Windows\System32\WindowsPowerShell\v1.0;C:\Windows\System32\OpenSSH;C:\Program Files\Git\cmd;C:\Users\Lenovo\AppData\Local\Microsoft\WindowsApps;C:\Program Files\Java\jdk-18.0.1\bin;C:\Users\Lenovo\Downloads\apache-maven-3.8.5-bin\apache-maven-3.8.5\bin;C:\Program Files\Git\usr\bin\vendor_perl;C:\Program Files\Git\usr\bin\core_perl;."/>
    <property name="java.vm.info" value="mixed mode, sharing"/>
    <property name="java.vendor" value="Oracle Corporation"/>
    <property name="java.vm.version" value="18.0.1+10-24"/>
    <property name="sun.io.unicode.encoding" value="UnicodeLittle"/>
    <property name="java.class.version" value="62.0"/>
  </properties>
  <testcase name="shouldAnswerWithTrue" classname="com.ABCCOMPANY.AppTest" time="0.016"/>
</testsuite>